Nov 12 08:41:01 kirabox kernel: [   19.800511] wlxd06f4a2efb90: authenticate with 10:b1:f8:cb:97:8c
Nov 12 08:41:01 kirabox kernel: [   19.809957] wlxd06f4a2efb90: send auth to 10:b1:f8:cb:97:8c (try 1/3)
Nov 12 08:41:01 kirabox kernel: [   19.811367] wlxd06f4a2efb90: authenticated
Nov 12 08:41:01 kirabox kernel: [   19.818450] wlxd06f4a2efb90: associate with 10:b1:f8:cb:97:8c (try 1/3)
Nov 12 08:41:01 kirabox kernel: [   19.822230] wlxd06f4a2efb90: RX AssocResp from 10:b1:f8:cb:97:8c (capab=0x431 status=0 aid=3)
Nov 12 08:41:01 kirabox kernel: [   19.825175] wlxd06f4a2efb90: associated
Nov 12 08:41:01 kirabox kernel: [   19.825252] ath: EEPROM regdomain: 0x8314
Nov 12 08:41:01 kirabox kernel: [   19.825255] ath: EEPROM indicates we should expect a country code
Nov 12 08:41:01 kirabox kernel: [   19.825257] ath: doing EEPROM country->regdmn map search
Nov 12 08:41:01 kirabox kernel: [   19.825258] ath: country maps to regdmn code: 0x36
Nov 12 08:41:01 kirabox kernel: [   19.825259] ath: Country alpha2 being used: TN
Nov 12 08:41:01 kirabox kernel: [   19.825260] ath: Regpair used: 0x36
Nov 12 08:41:01 kirabox kernel: [   19.825261] ath: regdomain 0x8314 dynamically updated by country element
Nov 12 08:41:02 kirabox kernel: [   20.192343] IPv6: ADDRCONF(NETDEV_CHANGE): wlxd06f4a2efb90: link becomes ready
Nov 12 08:41:02 kirabox kernel: [   20.341571] vboxdrv: Found 4 processor cores
Nov 12 08:41:02 kirabox kernel: [   20.359901] vboxdrv: TSC mode is Invariant, tentative frequency 2711998837 Hz
Nov 12 08:41:02 kirabox kernel: [   20.359905] vboxdrv: Successfully loaded version 6.1.50_Ubuntu r161033 (interface 0x00320000)
Nov 12 08:41:02 kirabox kernel: [   20.371941] VBoxNetFlt: Successfully started.
Nov 12 08:41:02 kirabox kernel: [   20.382422] VBoxNetAdp: Successfully started.
Nov 12 08:41:03 kirabox kernel: [   21.556494] Initializing XFRM netlink socket
Nov 12 08:41:03 kirabox kernel: [   21.610534] bridge: filtering via arp/ip/ip6tables is no longer available by default. Update your scripts to load br_netfilter if you need this.
Nov 12 08:41:06 kirabox kernel: [   24.037717] Bluetooth: RFCOMM TTY layer initialized
Nov 12 08:41:06 kirabox kernel: [   24.037724] Bluetooth: RFCOMM socket layer initialized
Nov 12 08:41:06 kirabox kernel: [   24.037729] Bluetooth: RFCOMM ver 1.11
Nov 12 09:35:07 kirabox kernel: [ 3265.615004] perf: interrupt took too long (2528 > 2500), lowering kernel.perf_event_max_sample_rate to 79000
Nov 12 09:53:16 kirabox kernel: [ 4354.654207] wlxd06f4a2efb90: deauthenticating from 10:b1:f8:cb:97:8c by local choice (Reason: 3=DEAUTH_LEAVING)
Nov 12 09:53:17 kirabox kernel: [ 4355.735406] PM: suspend entry (deep)
Nov 12 09:53:17 kirabox kernel: [ 4355.744192] Filesystems sync: 0.008 seconds
Nov 12 09:55:45 kirabox kernel: [ 4355.746145] Freezing user space processes ... (elapsed 0.002 seconds) done.
Nov 12 09:55:45 kirabox kernel: [ 4355.748960] OOM killer disabled.
Nov 12 09:55:45 kirabox kernel: [ 4355.748961] Freezing remaining freezable tasks ... (elapsed 0.001 seconds) done.
Nov 12 09:55:45 kirabox kernel: [ 4355.750296] printk: Suspending console(s) (use no_console_suspend to debug)
Nov 12 09:55:45 kirabox kernel: [ 4355.768954] sd 0:0:0:0: [sda] Synchronizing SCSI cache
Nov 12 09:55:45 kirabox kernel: [ 4355.769033] sd 0:0:0:0: [sda] Stopping disk
Nov 12 09:55:45 kirabox kernel: [ 4356.070072] ACPI: EC: interrupt blocked
Nov 12 09:55:45 kirabox kernel: [ 4356.123504] ACPI: PM: Preparing to enter system sleep state S3
Nov 12 09:55:45 kirabox kernel: [ 4356.127204] ACPI: EC: event blocked
Nov 12 09:55:45 kirabox kernel: [ 4356.127207] ACPI: EC: EC stopped
Nov 12 09:55:45 kirabox kernel: [ 4356.127209] ACPI: PM: Saving platform NVS memory
Nov 12 09:55:45 kirabox kernel: [ 4356.127276] Disabling non-boot CPUs ...
Nov 12 09:55:45 kirabox kernel: [ 4356.130116] smpboot: CPU 1 is now offline
Nov 12 09:55:45 kirabox kernel: [ 4356.133728] smpboot: CPU 2 is now offline
Nov 12 09:55:45 kirabox kernel: [ 4356.136423] smpboot: CPU 3 is now offline
Nov 12 09:55:45 kirabox kernel: [18446744060.528573] [Firmware Bug]: TSC ADJUST differs: CPU0 0 --> -21203447. Restoring
Nov 12 09:55:45 kirabox kernel: [ 4356.141686] ACPI: PM: Low-level resume complete
Nov 12 09:55:45 kirabox kernel: [ 4356.141736] ACPI: EC: EC started
Nov 12 09:55:45 kirabox kernel: [ 4356.141736] ACPI: PM: Restoring platform NVS memory
Nov 12 09:55:45 kirabox kernel: [ 4356.142454] Enabling non-boot CPUs ...
Nov 12 09:55:45 kirabox kernel: [ 4356.142502] x86: Booting SMP configuration:
Nov 12 09:55:45 kirabox kernel: [ 4356.142503] smpboot: Booting Node 0 Processor 1 APIC 0x2
Nov 12 09:55:45 kirabox kernel: [ 4356.145160] CPU1 is up
Nov 12 09:55:45 kirabox kernel: [ 4356.145188] smpboot: Booting Node 0 Processor 2 APIC 0x1
Nov 12 09:55:45 kirabox kernel: [ 4356.146149] CPU2 is up
Nov 12 09:55:45 kirabox kernel: [ 4356.146179] smpboot: Booting Node 0 Processor 3 APIC 0x3
Nov 12 09:55:45 kirabox kernel: [ 4356.147032] CPU3 is up
Nov 12 09:55:45 kirabox kernel: [ 4356.148710] ACPI: PM: Waking up from system sleep state S3
Nov 12 09:55:45 kirabox kernel: [ 4356.160230] ACPI: EC: interrupt unblocked
Nov 12 09:55:45 kirabox kernel: [ 4356.298103] nvidia 0000:01:00.0: Enabling HDA controller
Nov 12 09:55:45 kirabox kernel: [ 4356.300321] ACPI: EC: event unblocked
Nov 12 09:55:45 kirabox kernel: [ 4356.304598] ath: phy0: ASPM enabled: 0x43
Nov 12 09:55:45 kirabox kernel: [ 4356.307184] i915 0000:00:02.0: [drm] [ENCODER:94:DDI A/PHY A] is disabled/in DSI mode with an ungated DDI clock, gate it
Nov 12 09:55:45 kirabox kernel: [ 4356.307194] i915 0000:00:02.0: [drm] [ENCODER:102:DDI B/PHY B] is disabled/in DSI mode with an ungated DDI clock, gate it
Nov 12 09:55:45 kirabox kernel: [ 4356.307200] i915 0000:00:02.0: [drm] [ENCODER:118:DDI C/PHY C] is disabled/in DSI mode with an ungated DDI clock, gate it
Nov 12 09:55:45 kirabox kernel: [ 4356.308407] sd 0:0:0:0: [sda] Starting disk
Nov 12 09:55:45 kirabox kernel: [ 4356.622244] usb 1-6: reset high-speed USB device number 3 using xhci_hcd
Nov 12 09:55:45 kirabox kernel: [ 4356.622520] ata1: SATA link up 6.0 Gbps (SStatus 133 SControl 300)
Nov 12 09:55:45 kirabox kernel: [ 4356.624088] ata1.00: ACPI cmd f5/00:00:00:00:00:00(SECURITY FREEZE LOCK) filtered out
Nov 12 09:55:45 kirabox kernel: [ 4356.624103] ata1.00: ACPI cmd b1/c1:00:00:00:00:00(DEVICE CONFIGURATION OVERLAY) filtered out
Nov 12 09:55:45 kirabox kernel: [ 4356.625649] ata1.00: ACPI cmd f5/00:00:00:00:00:00(SECURITY FREEZE LOCK) filtered out
Nov 12 09:55:45 kirabox kernel: [ 4356.625658] ata1.00: ACPI cmd b1/c1:00:00:00:00:00(DEVICE CONFIGURATION OVERLAY) filtered out
Nov 12 09:55:45 kirabox kernel: [ 4356.625755] ata1.00: configured for UDMA/133
Nov 12 09:55:45 kirabox kernel: [ 4356.626970] ata2: SATA link up 1.5 Gbps (SStatus 113 SControl 300)
Nov 12 09:55:45 kirabox kernel: [ 4356.632402] ata2.00: ACPI cmd f5/00:00:00:00:00:00(SECURITY FREEZE LOCK) filtered out
Nov 12 09:55:45 kirabox kernel: [ 4356.632413] ata2.00: ACPI cmd b1/c1:00:00:00:00:00(DEVICE CONFIGURATION OVERLAY) filtered out
Nov 12 09:55:45 kirabox kernel: [ 4356.641864] ata2.00: ACPI cmd f5/00:00:00:00:00:00(SECURITY FREEZE LOCK) filtered out
Nov 12 09:55:45 kirabox kernel: [ 4356.641903] ata2.00: ACPI cmd b1/c1:00:00:00:00:00(DEVICE CONFIGURATION OVERLAY) filtered out
Nov 12 09:55:45 kirabox kernel: [ 4356.644363] ata2.00: configured for UDMA/133
Nov 12 09:55:45 kirabox kernel: [ 4356.954674] usb 1-8: reset full-speed USB device number 5 using xhci_hcd
Nov 12 09:55:45 kirabox kernel: [ 4357.102528] usb 1-8: device firmware changed
Nov 12 09:55:45 kirabox kernel: [ 4357.104755] OOM killer enabled.
Nov 12 09:55:45 kirabox kernel: [ 4357.104760] Restarting tasks ... 
Nov 12 09:55:45 kirabox kernel: [ 4357.104832] usb 1-8: USB disconnect, device number 5
Nov 12 09:55:45 kirabox kernel: [ 4357.110758] mei_hdcp 0000:00:16.0-b638ab7e-94e2-4ea2-a552-d1c54b627f04: bound 0000:00:02.0 (ops i915_hdcp_component_ops [i915])
Nov 12 09:55:45 kirabox kernel: [ 4357.138018] done.
Nov 12 09:55:46 kirabox kernel: [ 4357.153388] PM: suspend exit
Nov 12 09:55:46 kirabox kernel: [ 4357.249909] usb 1-8: new full-speed USB device number 6 using xhci_hcd
Nov 12 09:55:46 kirabox kernel: [ 4357.271618] pcieport 0000:00:1c.5: AER: Corrected error message received from 0000:00:1c.5
Nov 12 09:55:46 kirabox kernel: [ 4357.271630] pcieport 0000:00:1c.5: PCIe Bus Error: severity=Corrected, type=Data Link Layer, (Transmitter ID)
Nov 12 09:55:46 kirabox kernel: [ 4357.271633] pcieport 0000:00:1c.5:   device [8086:9d15] error status/mask=00001000/00002000
Nov 12 09:55:46 kirabox kernel: [ 4357.271637] pcieport 0000:00:1c.5:    [12] Timeout               
Nov 12 09:55:46 kirabox kernel: [ 4357.406870] usb 1-8: New USB device found, idVendor=04ca, idProduct=3018, bcdDevice= 0.01
Nov 12 09:55:46 kirabox kernel: [ 4357.406882] usb 1-8: New USB device strings: Mfr=0, Product=0, SerialNumber=0
Nov 12 09:55:46 kirabox kernel: [ 4357.449526] usb 1-8: USB disconnect, device number 6
Nov 12 09:55:46 kirabox kernel: [ 4357.757915] usb 1-8: new full-speed USB device number 7 using xhci_hcd
Nov 12 09:55:46 kirabox kernel: [ 4358.111569] pcieport 0000:00:1c.5: AER: Corrected error message received from 0000:00:1c.5
Nov 12 09:55:46 kirabox kernel: [ 4358.111595] pcieport 0000:00:1c.5: PCIe Bus Error: severity=Corrected, type=Data Link Layer, (Transmitter ID)
Nov 12 09:55:46 kirabox kernel: [ 4358.111604] pcieport 0000:00:1c.5:   device [8086:9d15] error status/mask=00003000/00002000
Nov 12 09:55:46 kirabox kernel: [ 4358.111615] pcieport 0000:00:1c.5:    [12] Timeout               
Nov 12 09:55:47 kirabox kernel: [ 4358.451270] pcieport 0000:00:1c.5: AER: Corrected error message received from 0000:00:1c.5
Nov 12 09:55:47 kirabox kernel: [ 4358.451290] pcieport 0000:00:1c.5: PCIe Bus Error: severity=Corrected, type=Data Link Layer, (Transmitter ID)
Nov 12 09:55:47 kirabox kernel: [ 4358.451296] pcieport 0000:00:1c.5:   device [8086:9d15] error status/mask=00001000/00002000
Nov 12 09:55:47 kirabox kernel: [ 4358.451304] pcieport 0000:00:1c.5:    [12] Timeout               
Nov 12 09:55:47 kirabox kernel: [ 4358.814371] wlxd06f4a2efb90: authenticate with 10:b1:f8:cb:97:8c
Nov 12 09:55:47 kirabox kernel: [ 4358.822243] wlxd06f4a2efb90: send auth to 10:b1:f8:cb:97:8c (try 1/3)
Nov 12 09:55:47 kirabox kernel: [ 4358.823847] wlxd06f4a2efb90: authenticated
Nov 12 09:55:47 kirabox kernel: [ 4358.826034] wlxd06f4a2efb90: associate with 10:b1:f8:cb:97:8c (try 1/3)
Nov 12 09:55:47 kirabox kernel: [ 4358.829929] wlxd06f4a2efb90: RX AssocResp from 10:b1:f8:cb:97:8c (capab=0x431 status=0 aid=1)
Nov 12 09:55:47 kirabox kernel: [ 4358.833813] wlxd06f4a2efb90: associated
Nov 12 09:55:47 kirabox kernel: [ 4358.833922] ath: EEPROM regdomain: 0x8314
Nov 12 09:55:47 kirabox kernel: [ 4358.833924] ath: EEPROM indicates we should expect a country code
Nov 12 09:55:47 kirabox kernel: [ 4358.833926] ath: doing EEPROM country->regdmn map search
Nov 12 09:55:47 kirabox kernel: [ 4358.833927] ath: country maps to regdmn code: 0x36
Nov 12 09:55:47 kirabox kernel: [ 4358.833928] ath: Country alpha2 being used: TN
Nov 12 09:55:47 kirabox kernel: [ 4358.833929] ath: Regpair used: 0x36
Nov 12 09:55:47 kirabox kernel: [ 4358.833930] ath: regdomain 0x8314 dynamically updated by country element
Nov 12 09:55:47 kirabox kernel: [ 4359.127618] IPv6: ADDRCONF(NETDEV_CHANGE): wlxd06f4a2efb90: link becomes ready
Nov 12 09:55:50 kirabox kernel: [ 4361.475569] pcieport 0000:00:1c.5: AER: Corrected error message received from 0000:00:1c.5
Nov 12 09:55:50 kirabox kernel: [ 4361.475591] pcieport 0000:00:1c.5: PCIe Bus Error: severity=Corrected, type=Data Link Layer, (Transmitter ID)
Nov 12 09:55:50 kirabox kernel: [ 4361.475598] pcieport 0000:00:1c.5:   device [8086:9d15] error status/mask=00001000/00002000
Nov 12 09:55:50 kirabox kernel: [ 4361.475607] pcieport 0000:00:1c.5:    [12] Timeout               
Nov 12 09:55:50 kirabox kernel: [ 4362.003818] pcieport 0000:00:1c.5: AER: Multiple Corrected error message received from 0000:00:1c.5
Nov 12 09:55:50 kirabox kernel: [ 4362.003873] pcieport 0000:00:1c.5: PCIe Bus Error: severity=Corrected, type=Data Link Layer, (Transmitter ID)
Nov 12 09:55:50 kirabox kernel: [ 4362.003885] pcieport 0000:00:1c.5:   device [8086:9d15] error status/mask=00001000/00002000
Nov 12 09:55:50 kirabox kernel: [ 4362.003899] pcieport 0000:00:1c.5:    [12] Timeout               
Nov 12 09:55:50 kirabox kernel: [ 4362.003924] pcieport 0000:00:1c.5: AER: Corrected error message received from 0000:00:1c.5
Nov 12 09:55:50 kirabox kernel: [ 4362.003947] pcieport 0000:00:1c.5: AER: found no error details for 0000:00:1c.5
Nov 12 09:55:50 kirabox kernel: [ 4362.003959] pcieport 0000:00:1c.5: AER: Corrected error message received from 0000:00:1c.5
Nov 12 09:55:50 kirabox kernel: [ 4362.003984] pcieport 0000:00:1c.5: AER: found no error details for 0000:00:1c.5
Nov 12 09:55:51 kirabox kernel: [ 4363.019673] usb 1-8: New USB device found, idVendor=04ca, idProduct=3018, bcdDevice= 0.02
Nov 12 09:55:51 kirabox kernel: [ 4363.019691] usb 1-8: New USB device strings: Mfr=0, Product=0, SerialNumber=0
Nov 12 09:55:54 kirabox kernel: [ 4366.021779] pcieport 0000:00:1c.5: AER: Multiple Corrected error message received from 0000:00:1c.5
Nov 12 09:55:54 kirabox kernel: [ 4366.021816] pcieport 0000:00:1c.5: PCIe Bus Error: severity=Corrected, type=Data Link Layer, (Transmitter ID)
Nov 12 09:55:54 kirabox kernel: [ 4366.021819] pcieport 0000:00:1c.5:   device [8086:9d15] error status/mask=00001000/00002000
Nov 12 09:55:54 kirabox kernel: [ 4366.021915] pcieport 0000:00:1c.5:    [12] Timeout               
Nov 12 09:55:55 kirabox kernel: [ 4366.475305] pcieport 0000:00:1c.5: AER: Corrected error message received from 0000:00:1c.5
Nov 12 09:55:55 kirabox kernel: [ 4366.475332] pcieport 0000:00:1c.5: PCIe Bus Error: severity=Corrected, type=Data Link Layer, (Transmitter ID)
Nov 12 09:55:55 kirabox kernel: [ 4366.475340] pcieport 0000:00:1c.5:   device [8086:9d15] error status/mask=00001000/00002000
Nov 12 09:55:55 kirabox kernel: [ 4366.475350] pcieport 0000:00:1c.5:    [12] Timeout               
Nov 12 09:55:55 kirabox kernel: [ 4366.475366] pcieport 0000:00:1c.5: AER: Corrected error message received from 0000:00:1c.5
Nov 12 09:55:55 kirabox kernel: [ 4366.475397] pcieport 0000:00:1c.5: AER: found no error details for 0000:00:1c.5
Nov 12 09:56:01 kirabox kernel: [ 4373.023277] pcieport 0000:00:1c.5: AER: Corrected error message received from 0000:00:1c.5
Nov 12 09:56:01 kirabox kernel: [ 4373.023286] pcieport 0000:00:1c.5: PCIe Bus Error: severity=Corrected, type=Data Link Layer, (Transmitter ID)
Nov 12 09:56:01 kirabox kernel: [ 4373.023289] pcieport 0000:00:1c.5:   device [8086:9d15] error status/mask=00001000/00002000
Nov 12 09:56:01 kirabox kernel: [ 4373.023291] pcieport 0000:00:1c.5:    [12] Timeout               
Nov 12 09:56:26 kirabox kernel: [ 4398.016332] pcieport 0000:00:1c.5: AER: Corrected error message received from 0000:00:1c.5
Nov 12 09:56:26 kirabox kernel: [ 4398.016344] pcieport 0000:00:1c.5: PCIe Bus Error: severity=Corrected, type=Data Link Layer, (Transmitter ID)
Nov 12 09:56:26 kirabox kernel: [ 4398.016347] pcieport 0000:00:1c.5:   device [8086:9d15] error status/mask=00001000/00002000
Nov 12 09:56:26 kirabox kernel: [ 4398.016350] pcieport 0000:00:1c.5:    [12] Timeout               
Nov 12 09:56:28 kirabox kernel: [ 4399.971982] pcieport 0000:00:1c.5: AER: Multiple Corrected error message received from 0000:00:1c.5
Nov 12 09:56:28 kirabox kernel: [ 4399.972000] pcieport 0000:00:1c.5: PCIe Bus Error: severity=Corrected, type=Data Link Layer, (Transmitter ID)
Nov 12 09:56:28 kirabox kernel: [ 4399.972002] pcieport 0000:00:1c.5:   device [8086:9d15] error status/mask=00003000/00002000
Nov 12 09:56:28 kirabox kernel: [ 4399.972005] pcieport 0000:00:1c.5:    [12] Timeout               
Nov 12 09:56:30 kirabox kernel: [ 4401.908200] pcieport 0000:00:1c.5: AER: Multiple Corrected error message received from 0000:00:1c.5
Nov 12 09:56:30 kirabox kernel: [ 4401.908228] pcieport 0000:00:1c.5: PCIe Bus Error: severity=Corrected, type=Data Link Layer, (Transmitter ID)
Nov 12 09:56:30 kirabox kernel: [ 4401.908231] pcieport 0000:00:1c.5:   device [8086:9d15] error status/mask=00001000/00002000
Nov 12 09:56:30 kirabox kernel: [ 4401.908235] pcieport 0000:00:1c.5:    [12] Timeout               
Nov 12 09:56:31 kirabox kernel: [ 4402.559803] pcieport 0000:00:1c.5: AER: Multiple Corrected error message received from 0000:00:1c.5
Nov 12 09:56:31 kirabox kernel: [ 4402.559826] pcieport 0000:00:1c.5: PCIe Bus Error: severity=Corrected, type=Data Link Layer, (Transmitter ID)
Nov 12 09:56:31 kirabox kernel: [ 4402.559829] pcieport 0000:00:1c.5:   device [8086:9d15] error status/mask=00001000/00002000
Nov 12 09:56:31 kirabox kernel: [ 4402.559833] pcieport 0000:00:1c.5:    [12] Timeout               
Nov 12 09:56:31 kirabox kernel: [ 4403.062097] pcieport 0000:00:1c.5: AER: Corrected error message received from 0000:00:1c.5
Nov 12 09:56:31 kirabox kernel: [ 4403.062105] pcieport 0000:00:1c.5: PCIe Bus Error: severity=Corrected, type=Data Link Layer, (Transmitter ID)
Nov 12 09:56:31 kirabox kernel: [ 4403.062107] pcieport 0000:00:1c.5:   device [8086:9d15] error status/mask=00003000/00002000
Nov 12 09:56:31 kirabox kernel: [ 4403.062110] pcieport 0000:00:1c.5:    [12] Timeout               
Nov 12 09:56:31 kirabox kernel: [ 4403.123582] pcieport 0000:00:1c.5: AER: Corrected error message received from 0000:00:1c.5
Nov 12 09:56:31 kirabox kernel: [ 4403.123604] pcieport 0000:00:1c.5: PCIe Bus Error: severity=Corrected, type=Data Link Layer, (Transmitter ID)
Nov 12 09:56:31 kirabox kernel: [ 4403.123626] pcieport 0000:00:1c.5:   device [8086:9d15] error status/mask=00001000/00002000
Nov 12 09:56:31 kirabox kernel: [ 4403.123634] pcieport 0000:00:1c.5:    [12] Timeout               
Nov 12 09:56:37 kirabox kernel: [ 4408.184929] pcieport 0000:00:1c.5: AER: Corrected error message received from 0000:00:1c.5
Nov 12 09:56:37 kirabox kernel: [ 4408.184938] pcieport 0000:00:1c.5: PCIe Bus Error: severity=Corrected, type=Data Link Layer, (Transmitter ID)
Nov 12 09:56:37 kirabox kernel: [ 4408.184941] pcieport 0000:00:1c.5:   device [8086:9d15] error status/mask=00003000/00002000
Nov 12 09:56:37 kirabox kernel: [ 4408.184943] pcieport 0000:00:1c.5:    [12] Timeout               
Nov 12 09:56:45 kirabox kernel: [ 4417.022899] pcieport 0000:00:1c.5: AER: Corrected error message received from 0000:00:1c.5
Nov 12 09:56:45 kirabox kernel: [ 4417.022908] pcieport 0000:00:1c.5: PCIe Bus Error: severity=Corrected, type=Data Link Layer, (Transmitter ID)
Nov 12 09:56:45 kirabox kernel: [ 4417.022910] pcieport 0000:00:1c.5:   device [8086:9d15] error status/mask=00001000/00002000
Nov 12 09:56:45 kirabox kernel: [ 4417.022913] pcieport 0000:00:1c.5:    [12] Timeout               
Nov 12 09:56:45 kirabox kernel: [ 4417.031572] pcieport 0000:00:1c.5: AER: Corrected error message received from 0000:00:1c.5
Nov 12 09:56:45 kirabox kernel: [ 4417.031579] pcieport 0000:00:1c.5: PCIe Bus Error: severity=Corrected, type=Data Link Layer, (Transmitter ID)
Nov 12 09:56:45 kirabox kernel: [ 4417.031581] pcieport 0000:00:1c.5:   device [8086:9d15] error status/mask=00001000/00002000
Nov 12 09:56:45 kirabox kernel: [ 4417.031583] pcieport 0000:00:1c.5:    [12] Timeout               
Nov 12 09:56:45 kirabox kernel: [ 4417.094746] pcieport 0000:00:1c.5: AER: Corrected error message received from 0000:00:1c.5
Nov 12 09:56:45 kirabox kernel: [ 4417.094768] pcieport 0000:00:1c.5: PCIe Bus Error: severity=Corrected, type=Data Link Layer, (Transmitter ID)
Nov 12 09:56:45 kirabox kernel: [ 4417.094775] pcieport 0000:00:1c.5:   device [8086:9d15] error status/mask=00001000/00002000
Nov 12 09:56:45 kirabox kernel: [ 4417.094783] pcieport 0000:00:1c.5:    [12] Timeout               
Nov 12 09:56:47 kirabox kernel: [ 4418.682428] pcieport 0000:00:1c.5: AER: Corrected error message received from 0000:00:1c.5
Nov 12 09:56:47 kirabox kernel: [ 4418.682457] pcieport 0000:00:1c.5: PCIe Bus Error: severity=Corrected, type=Data Link Layer, (Transmitter ID)
Nov 12 09:56:47 kirabox kernel: [ 4418.682465] pcieport 0000:00:1c.5:   device [8086:9d15] error status/mask=00001000/00002000
Nov 12 09:56:47 kirabox kernel: [ 4418.682473] pcieport 0000:00:1c.5:    [12] Timeout               
Nov 12 09:56:47 kirabox kernel: [ 4418.729729] pcieport 0000:00:1c.5: AER: Corrected error message received from 0000:00:1c.5
Nov 12 09:56:47 kirabox kernel: [ 4418.729754] pcieport 0000:00:1c.5: PCIe Bus Error: severity=Corrected, type=Data Link Layer, (Transmitter ID)
Nov 12 09:56:47 kirabox kernel: [ 4418.729757] pcieport 0000:00:1c.5:   device [8086:9d15] error status/mask=00001000/00002000
Nov 12 09:56:47 kirabox kernel: [ 4418.729762] pcieport 0000:00:1c.5:    [12] Timeout               
Nov 12 09:56:47 kirabox kernel: [ 4418.795293] pcieport 0000:00:1c.5: AER: Corrected error message received from 0000:00:1c.5
Nov 12 09:56:47 kirabox kernel: [ 4418.795329] pcieport 0000:00:1c.5: PCIe Bus Error: severity=Corrected, type=Data Link Layer, (Transmitter ID)
Nov 12 09:56:47 kirabox kernel: [ 4418.795340] pcieport 0000:00:1c.5:   device [8086:9d15] error status/mask=00001000/00002000
Nov 12 09:56:47 kirabox kernel: [ 4418.795353] pcieport 0000:00:1c.5:    [12] Timeout               
Nov 12 09:56:47 kirabox kernel: [ 4418.826629] pcieport 0000:00:1c.5: AER: Corrected error message received from 0000:00:1c.5
Nov 12 09:56:47 kirabox kernel: [ 4418.826660] pcieport 0000:00:1c.5: PCIe Bus Error: severity=Corrected, type=Data Link Layer, (Transmitter ID)
Nov 12 09:56:47 kirabox kernel: [ 4418.826667] pcieport 0000:00:1c.5:   device [8086:9d15] error status/mask=00001000/00002000
Nov 12 09:56:47 kirabox kernel: [ 4418.826676] pcieport 0000:00:1c.5:    [12] Timeout               
Nov 12 09:56:47 kirabox kernel: [ 4418.873973] pcieport 0000:00:1c.5: AER: Corrected error message received from 0000:00:1c.5
Nov 12 09:56:47 kirabox kernel: [ 4418.874003] pcieport 0000:00:1c.5: PCIe Bus Error: severity=Corrected, type=Data Link Layer, (Transmitter ID)
Nov 12 09:56:47 kirabox kernel: [ 4418.874010] pcieport 0000:00:1c.5:   device [8086:9d15] error status/mask=00001000/00002000
Nov 12 09:56:47 kirabox kernel: [ 4418.874019] pcieport 0000:00:1c.5:    [12] Timeout               
Nov 12 09:56:47 kirabox kernel: [ 4418.923162] pcieport 0000:00:1c.5: AER: Corrected error message received from 0000:00:1c.5
Nov 12 09:56:47 kirabox kernel: [ 4418.923181] pcieport 0000:00:1c.5: PCIe Bus Error: severity=Corrected, type=Data Link Layer, (Transmitter ID)
Nov 12 09:56:47 kirabox kernel: [ 4418.923183] pcieport 0000:00:1c.5:   device [8086:9d15] error status/mask=00001000/00002000
Nov 12 09:56:47 kirabox kernel: [ 4418.923186] pcieport 0000:00:1c.5:    [12] Timeout               
Nov 12 09:56:47 kirabox kernel: [ 4419.118484] pcieport 0000:00:1c.5: AER: Corrected error message received from 0000:00:1c.5
Nov 12 09:56:47 kirabox kernel: [ 4419.118516] pcieport 0000:00:1c.5: PCIe Bus Error: severity=Corrected, type=Data Link Layer, (Transmitter ID)
Nov 12 09:56:47 kirabox kernel: [ 4419.118523] pcieport 0000:00:1c.5:   device [8086:9d15] error status/mask=00001000/00002000

